
> web@0.1.0 build /Users/rohitsingh/Documents/projects/deeplinker/apps/web
> next build

  [1m[38;2;173;127;168m ▲ Next.js 14.0.0[39m[22m

[?25l [37m[1m [22m[39m Creating an optimized production build  [36m.[39m[2K[1G [37m[1m [22m[39m Creating an optimized production build  [36m..[39m[2K[1G [37m[1m [22m[39m Creating an optimized production build  [36m...[39m[2K[1G [37m[1m [22m[39m Creating an optimized production build  [36m.[39m[2K[1G [37m[1m [22m[39m Creating an optimized production build  [36m..[39m[2K[1G[?25h [37m[1m [22m[39m Creating an optimized production build     [32m[1m✓[22m[39m Creating an optimized production build 
 [32m[1m✓[22m[39m Compiled successfully
[?25l [37m[1m [22m[39m Linting and checking validity of types  [36m.[39m[2K[1G [37m[1m [22m[39m Linting and checking validity of types  [36m..[39m[2K[1G [37m[1m [22m[39m Linting and checking validity of types  [36m...[39m[2K[1G [37m[1m [22m[39m Linting and checking validity of types  [36m.[39m[2K[1G [37m[1m [22m[39m Linting and checking validity of types  [36m..[39m[2K[1G [37m[1m [22m[39m Linting and checking validity of types  [36m...[39m[2K[1G[?25h [37m[1m [22m[39m Linting and checking validity of types     [32m[1m✓[22m[39m Linting and checking validity of types 
[?25l [37m[1m [22m[39m Collecting page data  [36m.[39m[2K[1G [37m[1m [22m[39m Collecting page data  [36m..[39m[2K[1G[?25h [37m[1m [22m[39m Collecting page data     [32m[1m✓[22m[39m Collecting page data 
[?25l [37m[1m [22m[39m Generating static pages (0/7)  [36m[    ][39m[2K[1G [37m[1m [22m[39m Generating static pages (0/7)  [36m[=   ][39m  [37m[1m [22m[39m Generating static pages (1/7) 
[2K[1G[1A[2K[1G[?25h [32m[1m✓[22m[39m Generating static pages (7/7) 
[?25l [37m[1m [22m[39m Finalizing page optimization  [36m.[39m[?25l [37m[1m [22m[39m Collecting build traces  [36m.[39m[2K[1G [37m[1m [22m[39m Finalizing page optimization  [36m..[39m[2K[1G [37m[1m [22m[39m Collecting build traces  [36m..[39m[2K[1G [37m[1m [22m[39m Finalizing page optimization  [36m...[39m[2K[1G [37m[1m [22m[39m Collecting build traces  [36m...[39m[2K[1G [37m[1m [22m[39m Finalizing page optimization  [36m.[39m[2K[1G [37m[1m [22m[39m Collecting build traces  [36m.[39m[2K[1G [37m[1m [22m[39m Finalizing page optimization  [36m..[39m[2K[1G [37m[1m [22m[39m Collecting build traces  [36m..[39m[2K[1G [37m[1m [22m[39m Finalizing page optimization  [36m...[39m[2K[1G [37m[1m [22m[39m Collecting build traces  [36m...[39m[2K[1G [37m[1m [22m[39m Finalizing page optimization  [36m.[39m[2K[1G [37m[1m [22m[39m Collecting build traces  [36m.[39m[2K[1G [37m[1m [22m[39m Finalizing page optimization  [36m..[39m[2K[1G [37m[1m [22m[39m Collecting build traces  [36m..[39m[2K[1G [37m[1m [22m[39m Finalizing page optimization  [36m...[39m[2K[1G [37m[1m [22m[39m Collecting build traces  [36m...[39m[2K[1G [37m[1m [22m[39m Finalizing page optimization  [36m.[39m[2K[1G [37m[1m [22m[39m Collecting build traces  [36m.[39m[2K[1G [37m[1m [22m[39m Finalizing page optimization  [36m..[39m[2K[1G [37m[1m [22m[39m Collecting build traces  [36m..[39m[2K[1G [37m[1m [22m[39m Finalizing page optimization  [36m...[39m[2K[1G [37m[1m [22m[39m Collecting build traces  [36m...[39m[2K[1G [37m[1m [22m[39m Finalizing page optimization  [36m.[39m[2K[1G [37m[1m [22m[39m Collecting build traces  [36m.[39m[2K[1G[?25h [37m[1m [22m[39m Collecting build traces     [32m[1m✓[22m[39m Collecting build traces 
[2K[1G[?25h [37m[1m [22m[39m Finalizing page optimization     [32m[1m✓[22m[39m Finalizing page optimization 

[4mRoute (app)[24m                                  [4mSize[24m     [4mFirst Load JS[24m
┌ ○ /_not-found                              878 B          [32m88.5 kB[39m
├ ○ /.well-known/apple-app-site-association  0 B                [32m0 B[39m
├ ○ /.well-known/assetlinks.json             0 B                [32m0 B[39m
├ λ /d/[slug]                                142 B          [32m87.7 kB[39m
├ ○ /docs                                    142 B          [32m87.7 kB[39m
├ ○ /healthz                                 0 B                [32m0 B[39m
└ λ /l/[slug]                                0 B                [32m0 B[39m
+ First Load JS shared by all                [32m87.6 kB[39m
  ├ chunks/385-ec30dd9cdf3f7de4.js           32.4 kB
  ├ chunks/6d0f1bda-f2a84f2570987592.js      53.3 kB
  ├ chunks/main-app-0e0e89b749f75ac5.js      231 B
  └ chunks/webpack-9235349c0a9fa222.js       1.7 kB


ƒ Middleware                                 [32m28.5 kB[39m

○  (Static)   prerendered as static HTML
λ  (Dynamic)  server-rendered on demand using Node.js

[?25h
